# JRE version: OpenJDK Runtime Environment (8.0_252-b09) (build 1.8.0_252-8u252-b09-1~16.04-b09)
# Java VM: OpenJDK 64-Bit Server VM (25.252-b09 mixed mode linux-amd64 compressed oops)
Heap:
 PSYoungGen      total 73216K, used 4583K [0x00000000f5980000, 0x00000000fa680000, 0x0000000100000000)
  eden space 68608K, 0% used [0x00000000f5980000,0x00000000f5980000,0x00000000f9c80000)
  from space 4608K, 99% used [0x00000000f9c80000,0x00000000fa0f9c28,0x00000000fa100000)
  to   space 3584K, 0% used [0x00000000fa100000,0x00000000fa100000,0x00000000fa480000)
 ParOldGen       total 22016K, used 9751K [0x00000000e0c00000, 0x00000000e2180000, 0x00000000f5980000)
  object space 22016K, 44% used [0x00000000e0c00000,0x00000000e1585db0,0x00000000e2180000)
 Metaspace       used 20821K, capacity 20986K, committed 21248K, reserved 1067008K
  class space    used 2674K, capacity 2717K, committed 2816K, reserved 1048576K
GC Heap History (10 events):
Event: 0.961 GC heap after
Heap after GC invocations=2 (full 0):
 PSYoungGen      total 18432K, used 1011K [0x00000000f5980000, 0x00000000f6c80000, 0x0000000100000000)
  eden space 17408K, 0% used [0x00000000f5980000,0x00000000f5980000,0x00000000f6a80000)
  from space 1024K, 98% used [0x00000000f6b80000,0x00000000f6c7cef0,0x00000000f6c80000)
  to   space 1024K, 0% used [0x00000000f6a80000,0x00000000f6a80000,0x00000000f6b80000)
 ParOldGen       total 22016K, used 1138K [0x00000000e0c00000, 0x00000000e2180000, 0x00000000f5980000)
  object space 22016K, 5% used [0x00000000e0c00000,0x00000000e0d1c848,0x00000000e2180000)
 Metaspace       used 5044K, capacity 5620K, committed 5760K, reserved 1056768K
  class space    used 583K, capacity 596K, committed 640K, reserved 1048576K
}
Event: 1.722 GC heap before
{Heap before GC invocations=3 (full 0):
 PSYoungGen      total 18432K, used 18419K [0x00000000f5980000, 0x00000000f6c80000, 0x0000000100000000)
  eden space 17408K, 100% used [0x00000000f5980000,0x00000000f6a80000,0x00000000f6a80000)
  from space 1024K, 98% used [0x00000000f6b80000,0x00000000f6c7cef0,0x00000000f6c80000)
  to   space 1024K, 0% used [0x00000000f6a80000,0x00000000f6a80000,0x00000000f6b80000)
 ParOldGen       total 22016K, used 1138K [0x00000000e0c00000, 0x00000000e2180000, 0x00000000f5980000)
  object space 22016K, 5% used [0x00000000e0c00000,0x00000000e0d1c848,0x00000000e2180000)
 Metaspace       used 9859K, capacity 10020K, committed 10240K, reserved 1058816K
  class space    used 1184K, capacity 1204K, committed 1280K, reserved 1048576K
Event: 1.732 GC heap after
Heap after GC invocations=3 (full 0):
 PSYoungGen      total 18432K, used 997K [0x00000000f5980000, 0x00000000f7d80000, 0x0000000100000000)
  eden space 17408K, 0% used [0x00000000f5980000,0x00000000f5980000,0x00000000f6a80000)
  from space 1024K, 97% used [0x00000000f6a80000,0x00000000f6b79418,0x00000000f6b80000)
  to   space 1024K, 0% used [0x00000000f7c80000,0x00000000f7c80000,0x00000000f7d80000)
 ParOldGen       total 22016K, used 3200K [0x00000000e0c00000, 0x00000000e2180000, 0x00000000f5980000)
  object space 22016K, 14% used [0x00000000e0c00000,0x00000000e0f203b0,0x00000000e2180000)
 Metaspace       used 9859K, capacity 10020K, committed 10240K, reserved 1058816K
  class space    used 1184K, capacity 1204K, committed 1280K, reserved 1048576K
}
Event: 2.013 GC heap before
{Heap before GC invocations=4 (full 0):
 PSYoungGen      total 18432K, used 18405K [0x00000000f5980000, 0x00000000f7d80000, 0x0000000100000000)
  eden space 17408K, 100% used [0x00000000f5980000,0x00000000f6a80000,0x00000000f6a80000)
  from space 1024K, 97% used [0x00000000f6a80000,0x00000000f6b79418,0x00000000f6b80000)
  to   space 1024K, 0% used [0x00000000f7c80000,0x00000000f7c80000,0x00000000f7d80000)
 ParOldGen       total 22016K, used 3200K [0x00000000e0c00000, 0x00000000e2180000, 0x00000000f5980000)
  object space 22016K, 14% used [0x00000000e0c00000,0x00000000e0f203b0,0x00000000e2180000)
 Metaspace       used 11106K, capacity 11248K, committed 11392K, reserved 1058816K
  class space    used 1352K, capacity 1398K, committed 1408K, reserved 1048576K
Event: 2.034 GC heap after
Heap after GC invocations=4 (full 0):
 PSYoungGen      total 35840K, used 997K [0x00000000f5980000, 0x00000000f7d80000, 0x0000000100000000)
  eden space 34816K, 0% used [0x00000000f5980000,0x00000000f5980000,0x00000000f7b80000)
  from space 1024K, 97% used [0x00000000f7c80000,0x00000000f7d79418,0x00000000f7d80000)
  to   space 1024K, 0% used [0x00000000f7b80000,0x00000000f7b80000,0x00000000f7c80000)
 ParOldGen       total 22016K, used 4468K [0x00000000e0c00000, 0x00000000e2180000, 0x00000000f5980000)
  object space 22016K, 20% used [0x00000000e0c00000,0x00000000e105d258,0x00000000e2180000)
 Metaspace       used 11106K, capacity 11248K, committed 11392K, reserved 1058816K
  class space    used 1352K, capacity 1398K, committed 1408K, reserved 1048576K
}
Event: 2.379 GC heap before
{Heap before GC invocations=5 (full 0):
 PSYoungGen      total 35840K, used 35813K [0x00000000f5980000, 0x00000000f7d80000, 0x0000000100000000)
  eden space 34816K, 100% used [0x00000000f5980000,0x00000000f7b80000,0x00000000f7b80000)
  from space 1024K, 97% used [0x00000000f7c80000,0x00000000f7d79418,0x00000000f7d80000)
  to   space 1024K, 0% used [0x00000000f7b80000,0x00000000f7b80000,0x00000000f7c80000)
 ParOldGen       total 22016K, used 4468K [0x00000000e0c00000, 0x00000000e2180000, 0x00000000f5980000)
  object space 22016K, 20% used [0x00000000e0c00000,0x00000000e105d258,0x00000000e2180000)
 Metaspace       used 12765K, capacity 12976K, committed 13184K, reserved 1060864K
  class space    used 1610K, capacity 1654K, committed 1664K, reserved 1048576K
Event: 2.395 GC heap after
Heap after GC invocations=5 (full 0):
 PSYoungGen      total 35840K, used 1018K [0x00000000f5980000, 0x00000000fa480000, 0x0000000100000000)
  eden space 34816K, 0% used [0x00000000f5980000,0x00000000f5980000,0x00000000f7b80000)
  from space 1024K, 99% used [0x00000000f7b80000,0x00000000f7c7e800,0x00000000f7c80000)
  to   space 3584K, 0% used [0x00000000fa100000,0x00000000fa100000,0x00000000fa480000)
 ParOldGen       total 22016K, used 6305K [0x00000000e0c00000, 0x00000000e2180000, 0x00000000f5980000)
  object space 22016K, 28% used [0x00000000e0c00000,0x00000000e1228460,0x00000000e2180000)
 Metaspace       used 12765K, capacity 12976K, committed 13184K, reserved 1060864K
  class space    used 1610K, capacity 1654K, committed 1664K, reserved 1048576K
}
Event: 3.626 GC heap before
{Heap before GC invocations=6 (full 0):
 PSYoungGen      total 35840K, used 35834K [0x00000000f5980000, 0x00000000fa480000, 0x0000000100000000)
  eden space 34816K, 100% used [0x00000000f5980000,0x00000000f7b80000,0x00000000f7b80000)
  from space 1024K, 99% used [0x00000000f7b80000,0x00000000f7c7e800,0x00000000f7c80000)
  to   space 3584K, 0% used [0x00000000fa100000,0x00000000fa100000,0x00000000fa480000)
 ParOldGen       total 22016K, used 6305K [0x00000000e0c00000, 0x00000000e2180000, 0x00000000f5980000)
  object space 22016K, 28% used [0x00000000e0c00000,0x00000000e1228460,0x00000000e2180000)
 Metaspace       used 17013K, capacity 17218K, committed 17536K, reserved 1064960K
  class space    used 2119K, capacity 2169K, committed 2176K, reserved 1048576K
Event: 3.660 GC heap after
Heap after GC invocations=6 (full 0):
 PSYoungGen      total 72192K, used 3559K [0x00000000f5980000, 0x00000000fa680000, 0x0000000100000000)
  eden space 68608K, 0% used [0x00000000f5980000,0x00000000f5980000,0x00000000f9c80000)
  from space 3584K, 99% used [0x00000000fa100000,0x00000000fa479d68,0x00000000fa480000)
  to   space 4608K, 0% used [0x00000000f9c80000,0x00000000f9c80000,0x00000000fa100000)
 ParOldGen       total 22016K, used 7516K [0x00000000e0c00000, 0x00000000e2180000, 0x00000000f5980000)
  object space 22016K, 34% used [0x00000000e0c00000,0x00000000e13573b8,0x00000000e2180000)
 Metaspace       used 17013K, capacity 17218K, committed 17536K, reserved 1064960K
  class space    used 2119K, capacity 2169K, committed 2176K, reserved 1048576K
}
Event: 20.869 GC heap before
{Heap before GC invocations=7 (full 0):
 PSYoungGen      total 72192K, used 58353K [0x00000000f5980000, 0x00000000fa680000, 0x0000000100000000)
  eden space 68608K, 79% used [0x00000000f5980000,0x00000000f8f02868,0x00000000f9c80000)
  from space 3584K, 99% used [0x00000000fa100000,0x00000000fa479d68,0x00000000fa480000)
  to   space 4608K, 0% used [0x00000000f9c80000,0x00000000f9c80000,0x00000000fa100000)
 ParOldGen       total 22016K, used 7516K [0x00000000e0c00000, 0x00000000e2180000, 0x00000000f5980000)
  object space 22016K, 34% used [0x00000000e0c00000,0x00000000e13573b8,0x00000000e2180000)
 Metaspace       used 20821K, capacity 20986K, committed 21248K, reserved 1067008K
  class space    used 2674K, capacity 2717K, committed 2816K, reserved 1048576K

