# JRE version: OpenJDK Runtime Environment (8.0_252-b09) (build 1.8.0_252-8u252-b09-1~16.04-b09)
# Java VM: OpenJDK 64-Bit Server VM (25.252-b09 mixed mode linux-amd64 compressed oops)
Heap:
 PSYoungGen      total 73216K, used 5102K [0x00000000f5980000, 0x00000000fa780000, 0x0000000100000000)
  eden space 68096K, 0% used [0x00000000f5980000,0x00000000f5980000,0x00000000f9c00000)
  from space 5120K, 99% used [0x00000000f9c00000,0x00000000fa0fb898,0x00000000fa100000)
  to   space 3584K, 0% used [0x00000000fa100000,0x00000000fa100000,0x00000000fa480000)
 ParOldGen       total 22016K, used 9428K [0x00000000e0c00000, 0x00000000e2180000, 0x00000000f5980000)
  object space 22016K, 42% used [0x00000000e0c00000,0x00000000e15350c8,0x00000000e2180000)
 Metaspace       used 20845K, capacity 20986K, committed 21248K, reserved 1067008K
  class space    used 2674K, capacity 2717K, committed 2816K, reserved 1048576K
GC Heap History (10 events):
Event: 1.001 GC heap after
Heap after GC invocations=2 (full 0):
 PSYoungGen      total 18432K, used 995K [0x00000000f5980000, 0x00000000f6c80000, 0x0000000100000000)
  eden space 17408K, 0% used [0x00000000f5980000,0x00000000f5980000,0x00000000f6a80000)
  from space 1024K, 97% used [0x00000000f6b80000,0x00000000f6c78ca8,0x00000000f6c80000)
  to   space 1024K, 0% used [0x00000000f6a80000,0x00000000f6a80000,0x00000000f6b80000)
 ParOldGen       total 22016K, used 1191K [0x00000000e0c00000, 0x00000000e2180000, 0x00000000f5980000)
  object space 22016K, 5% used [0x00000000e0c00000,0x00000000e0d29cc0,0x00000000e2180000)
 Metaspace       used 5033K, capacity 5620K, committed 5760K, reserved 1056768K
  class space    used 583K, capacity 596K, committed 640K, reserved 1048576K
}
Event: 1.778 GC heap before
{Heap before GC invocations=3 (full 0):
 PSYoungGen      total 18432K, used 18403K [0x00000000f5980000, 0x00000000f6c80000, 0x0000000100000000)
  eden space 17408K, 100% used [0x00000000f5980000,0x00000000f6a80000,0x00000000f6a80000)
  from space 1024K, 97% used [0x00000000f6b80000,0x00000000f6c78ca8,0x00000000f6c80000)
  to   space 1024K, 0% used [0x00000000f6a80000,0x00000000f6a80000,0x00000000f6b80000)
 ParOldGen       total 22016K, used 1191K [0x00000000e0c00000, 0x00000000e2180000, 0x00000000f5980000)
  object space 22016K, 5% used [0x00000000e0c00000,0x00000000e0d29cc0,0x00000000e2180000)
 Metaspace       used 9842K, capacity 9956K, committed 10240K, reserved 1058816K
  class space    used 1184K, capacity 1204K, committed 1280K, reserved 1048576K
Event: 1.784 GC heap after
Heap after GC invocations=3 (full 0):
 PSYoungGen      total 18432K, used 1014K [0x00000000f5980000, 0x00000000f7d80000, 0x0000000100000000)
  eden space 17408K, 0% used [0x00000000f5980000,0x00000000f5980000,0x00000000f6a80000)
  from space 1024K, 99% used [0x00000000f6a80000,0x00000000f6b7db78,0x00000000f6b80000)
  to   space 1024K, 0% used [0x00000000f7c80000,0x00000000f7c80000,0x00000000f7d80000)
 ParOldGen       total 22016K, used 3221K [0x00000000e0c00000, 0x00000000e2180000, 0x00000000f5980000)
  object space 22016K, 14% used [0x00000000e0c00000,0x00000000e0f25798,0x00000000e2180000)
 Metaspace       used 9842K, capacity 9956K, committed 10240K, reserved 1058816K
  class space    used 1184K, capacity 1204K, committed 1280K, reserved 1048576K
}
Event: 2.102 GC heap before
{Heap before GC invocations=4 (full 0):
 PSYoungGen      total 18432K, used 18422K [0x00000000f5980000, 0x00000000f7d80000, 0x0000000100000000)
  eden space 17408K, 100% used [0x00000000f5980000,0x00000000f6a80000,0x00000000f6a80000)
  from space 1024K, 99% used [0x00000000f6a80000,0x00000000f6b7db78,0x00000000f6b80000)
  to   space 1024K, 0% used [0x00000000f7c80000,0x00000000f7c80000,0x00000000f7d80000)
 ParOldGen       total 22016K, used 3221K [0x00000000e0c00000, 0x00000000e2180000, 0x00000000f5980000)
  object space 22016K, 14% used [0x00000000e0c00000,0x00000000e0f25798,0x00000000e2180000)
 Metaspace       used 11079K, capacity 11248K, committed 11392K, reserved 1058816K
  class space    used 1353K, capacity 1398K, committed 1408K, reserved 1048576K
Event: 2.106 GC heap after
Heap after GC invocations=4 (full 0):
 PSYoungGen      total 35840K, used 1013K [0x00000000f5980000, 0x00000000f7d80000, 0x0000000100000000)
  eden space 34816K, 0% used [0x00000000f5980000,0x00000000f5980000,0x00000000f7b80000)
  from space 1024K, 98% used [0x00000000f7c80000,0x00000000f7d7d408,0x00000000f7d80000)
  to   space 1024K, 0% used [0x00000000f7b80000,0x00000000f7b80000,0x00000000f7c80000)
 ParOldGen       total 22016K, used 4562K [0x00000000e0c00000, 0x00000000e2180000, 0x00000000f5980000)
  object space 22016K, 20% used [0x00000000e0c00000,0x00000000e1074b20,0x00000000e2180000)
 Metaspace       used 11079K, capacity 11248K, committed 11392K, reserved 1058816K
  class space    used 1353K, capacity 1398K, committed 1408K, reserved 1048576K
}
Event: 2.476 GC heap before
{Heap before GC invocations=5 (full 0):
 PSYoungGen      total 35840K, used 35829K [0x00000000f5980000, 0x00000000f7d80000, 0x0000000100000000)
  eden space 34816K, 100% used [0x00000000f5980000,0x00000000f7b80000,0x00000000f7b80000)
  from space 1024K, 98% used [0x00000000f7c80000,0x00000000f7d7d408,0x00000000f7d80000)
  to   space 1024K, 0% used [0x00000000f7b80000,0x00000000f7b80000,0x00000000f7c80000)
 ParOldGen       total 22016K, used 4562K [0x00000000e0c00000, 0x00000000e2180000, 0x00000000f5980000)
  object space 22016K, 20% used [0x00000000e0c00000,0x00000000e1074b20,0x00000000e2180000)
 Metaspace       used 12724K, capacity 12848K, committed 12928K, reserved 1060864K
  class space    used 1610K, capacity 1654K, committed 1664K, reserved 1048576K
Event: 2.488 GC heap after
Heap after GC invocations=5 (full 0):
 PSYoungGen      total 35840K, used 1021K [0x00000000f5980000, 0x00000000fa480000, 0x0000000100000000)
  eden space 34816K, 0% used [0x00000000f5980000,0x00000000f5980000,0x00000000f7b80000)
  from space 1024K, 99% used [0x00000000f7b80000,0x00000000f7c7f6e0,0x00000000f7c80000)
  to   space 3584K, 0% used [0x00000000fa100000,0x00000000fa100000,0x00000000fa480000)
 ParOldGen       total 22016K, used 6426K [0x00000000e0c00000, 0x00000000e2180000, 0x00000000f5980000)
  object space 22016K, 29% used [0x00000000e0c00000,0x00000000e1246848,0x00000000e2180000)
 Metaspace       used 12724K, capacity 12848K, committed 12928K, reserved 1060864K
  class space    used 1610K, capacity 1654K, committed 1664K, reserved 1048576K
}
Event: 3.685 GC heap before
{Heap before GC invocations=6 (full 0):
 PSYoungGen      total 35840K, used 35837K [0x00000000f5980000, 0x00000000fa480000, 0x0000000100000000)
  eden space 34816K, 100% used [0x00000000f5980000,0x00000000f7b80000,0x00000000f7b80000)
  from space 1024K, 99% used [0x00000000f7b80000,0x00000000f7c7f6e0,0x00000000f7c80000)
  to   space 3584K, 0% used [0x00000000fa100000,0x00000000fa100000,0x00000000fa480000)
 ParOldGen       total 22016K, used 6426K [0x00000000e0c00000, 0x00000000e2180000, 0x00000000f5980000)
  object space 22016K, 29% used [0x00000000e0c00000,0x00000000e1246848,0x00000000e2180000)
 Metaspace       used 16994K, capacity 17154K, committed 17280K, reserved 1064960K
  class space    used 2119K, capacity 2169K, committed 2176K, reserved 1048576K
Event: 3.694 GC heap after
Heap after GC invocations=6 (full 0):
 PSYoungGen      total 71680K, used 3579K [0x00000000f5980000, 0x00000000fa780000, 0x0000000100000000)
  eden space 68096K, 0% used [0x00000000f5980000,0x00000000f5980000,0x00000000f9c00000)
  from space 3584K, 99% used [0x00000000fa100000,0x00000000fa47ec90,0x00000000fa480000)
  to   space 5120K, 0% used [0x00000000f9c00000,0x00000000f9c00000,0x00000000fa100000)
 ParOldGen       total 22016K, used 7648K [0x00000000e0c00000, 0x00000000e2180000, 0x00000000f5980000)
  object space 22016K, 34% used [0x00000000e0c00000,0x00000000e1378038,0x00000000e2180000)
 Metaspace       used 16994K, capacity 17154K, committed 17280K, reserved 1064960K
  class space    used 2119K, capacity 2169K, committed 2176K, reserved 1048576K
}
Event: 4.832 GC heap before
{Heap before GC invocations=7 (full 0):
 PSYoungGen      total 71680K, used 57994K [0x00000000f5980000, 0x00000000fa780000, 0x0000000100000000)
  eden space 68096K, 79% used [0x00000000f5980000,0x00000000f8ea3eb8,0x00000000f9c00000)
  from space 3584K, 99% used [0x00000000fa100000,0x00000000fa47ec90,0x00000000fa480000)
  to   space 5120K, 0% used [0x00000000f9c00000,0x00000000f9c00000,0x00000000fa100000)
 ParOldGen       total 22016K, used 7648K [0x00000000e0c00000, 0x00000000e2180000, 0x00000000f5980000)
  object space 22016K, 34% used [0x00000000e0c00000,0x00000000e1378038,0x00000000e2180000)
 Metaspace       used 20845K, capacity 20986K, committed 21248K, reserved 1067008K
  class space    used 2674K, capacity 2717K, committed 2816K, reserved 1048576K

