# JRE version: OpenJDK Runtime Environment (8.0_252-b09) (build 1.8.0_252-8u252-b09-1~16.04-b09)
# Java VM: OpenJDK 64-Bit Server VM (25.252-b09 mixed mode linux-amd64 compressed oops)
Heap:
 PSYoungGen      total 73216K, used 4585K [0x00000000f5980000, 0x00000000fa680000, 0x0000000100000000)
  eden space 68608K, 0% used [0x00000000f5980000,0x00000000f5980000,0x00000000f9c80000)
  from space 4608K, 99% used [0x00000000f9c80000,0x00000000fa0fa518,0x00000000fa100000)
  to   space 3584K, 0% used [0x00000000fa100000,0x00000000fa100000,0x00000000fa480000)
 ParOldGen       total 22016K, used 9767K [0x00000000e0c00000, 0x00000000e2180000, 0x00000000f5980000)
  object space 22016K, 44% used [0x00000000e0c00000,0x00000000e1589cc0,0x00000000e2180000)
 Metaspace       used 20828K, capacity 20986K, committed 21248K, reserved 1067008K
  class space    used 2676K, capacity 2717K, committed 2816K, reserved 1048576K
GC Heap History (10 events):
Event: 0.835 GC heap after
Heap after GC invocations=2 (full 0):
 PSYoungGen      total 18432K, used 998K [0x00000000f5980000, 0x00000000f6c80000, 0x0000000100000000)
  eden space 17408K, 0% used [0x00000000f5980000,0x00000000f5980000,0x00000000f6a80000)
  from space 1024K, 97% used [0x00000000f6b80000,0x00000000f6c79b68,0x00000000f6c80000)
  to   space 1024K, 0% used [0x00000000f6a80000,0x00000000f6a80000,0x00000000f6b80000)
 ParOldGen       total 22016K, used 1177K [0x00000000e0c00000, 0x00000000e2180000, 0x00000000f5980000)
  object space 22016K, 5% used [0x00000000e0c00000,0x00000000e0d26708,0x00000000e2180000)
 Metaspace       used 5042K, capacity 5620K, committed 5760K, reserved 1056768K
  class space    used 583K, capacity 596K, committed 640K, reserved 1048576K
}
Event: 1.436 GC heap before
{Heap before GC invocations=3 (full 0):
 PSYoungGen      total 18432K, used 18406K [0x00000000f5980000, 0x00000000f6c80000, 0x0000000100000000)
  eden space 17408K, 100% used [0x00000000f5980000,0x00000000f6a80000,0x00000000f6a80000)
  from space 1024K, 97% used [0x00000000f6b80000,0x00000000f6c79b68,0x00000000f6c80000)
  to   space 1024K, 0% used [0x00000000f6a80000,0x00000000f6a80000,0x00000000f6b80000)
 ParOldGen       total 22016K, used 1177K [0x00000000e0c00000, 0x00000000e2180000, 0x00000000f5980000)
  object space 22016K, 5% used [0x00000000e0c00000,0x00000000e0d26708,0x00000000e2180000)
 Metaspace       used 9851K, capacity 9956K, committed 10240K, reserved 1058816K
  class space    used 1184K, capacity 1204K, committed 1280K, reserved 1048576K
Event: 1.445 GC heap after
Heap after GC invocations=3 (full 0):
 PSYoungGen      total 18432K, used 993K [0x00000000f5980000, 0x00000000f7d80000, 0x0000000100000000)
  eden space 17408K, 0% used [0x00000000f5980000,0x00000000f5980000,0x00000000f6a80000)
  from space 1024K, 97% used [0x00000000f6a80000,0x00000000f6b78770,0x00000000f6b80000)
  to   space 1024K, 0% used [0x00000000f7c80000,0x00000000f7c80000,0x00000000f7d80000)
 ParOldGen       total 22016K, used 3231K [0x00000000e0c00000, 0x00000000e2180000, 0x00000000f5980000)
  object space 22016K, 14% used [0x00000000e0c00000,0x00000000e0f27f88,0x00000000e2180000)
 Metaspace       used 9851K, capacity 9956K, committed 10240K, reserved 1058816K
  class space    used 1184K, capacity 1204K, committed 1280K, reserved 1048576K
}
Event: 1.688 GC heap before
{Heap before GC invocations=4 (full 0):
 PSYoungGen      total 18432K, used 18401K [0x00000000f5980000, 0x00000000f7d80000, 0x0000000100000000)
  eden space 17408K, 100% used [0x00000000f5980000,0x00000000f6a80000,0x00000000f6a80000)
  from space 1024K, 97% used [0x00000000f6a80000,0x00000000f6b78770,0x00000000f6b80000)
  to   space 1024K, 0% used [0x00000000f7c80000,0x00000000f7c80000,0x00000000f7d80000)
 ParOldGen       total 22016K, used 3231K [0x00000000e0c00000, 0x00000000e2180000, 0x00000000f5980000)
  object space 22016K, 14% used [0x00000000e0c00000,0x00000000e0f27f88,0x00000000e2180000)
 Metaspace       used 11095K, capacity 11248K, committed 11392K, reserved 1058816K
  class space    used 1352K, capacity 1398K, committed 1408K, reserved 1048576K
Event: 1.693 GC heap after
Heap after GC invocations=4 (full 0):
 PSYoungGen      total 35840K, used 1009K [0x00000000f5980000, 0x00000000f7d80000, 0x0000000100000000)
  eden space 34816K, 0% used [0x00000000f5980000,0x00000000f5980000,0x00000000f7b80000)
  from space 1024K, 98% used [0x00000000f7c80000,0x00000000f7d7c760,0x00000000f7d80000)
  to   space 1024K, 0% used [0x00000000f7b80000,0x00000000f7b80000,0x00000000f7c80000)
 ParOldGen       total 22016K, used 4529K [0x00000000e0c00000, 0x00000000e2180000, 0x00000000f5980000)
  object space 22016K, 20% used [0x00000000e0c00000,0x00000000e106c558,0x00000000e2180000)
 Metaspace       used 11095K, capacity 11248K, committed 11392K, reserved 1058816K
  class space    used 1352K, capacity 1398K, committed 1408K, reserved 1048576K
}
Event: 2.028 GC heap before
{Heap before GC invocations=5 (full 0):
 PSYoungGen      total 35840K, used 35825K [0x00000000f5980000, 0x00000000f7d80000, 0x0000000100000000)
  eden space 34816K, 100% used [0x00000000f5980000,0x00000000f7b80000,0x00000000f7b80000)
  from space 1024K, 98% used [0x00000000f7c80000,0x00000000f7d7c760,0x00000000f7d80000)
  to   space 1024K, 0% used [0x00000000f7b80000,0x00000000f7b80000,0x00000000f7c80000)
 ParOldGen       total 22016K, used 4529K [0x00000000e0c00000, 0x00000000e2180000, 0x00000000f5980000)
  object space 22016K, 20% used [0x00000000e0c00000,0x00000000e106c558,0x00000000e2180000)
 Metaspace       used 12735K, capacity 12848K, committed 12928K, reserved 1060864K
  class space    used 1608K, capacity 1654K, committed 1664K, reserved 1048576K
Event: 2.035 GC heap after
Heap after GC invocations=5 (full 0):
 PSYoungGen      total 35840K, used 1016K [0x00000000f5980000, 0x00000000fa480000, 0x0000000100000000)
  eden space 34816K, 0% used [0x00000000f5980000,0x00000000f5980000,0x00000000f7b80000)
  from space 1024K, 99% used [0x00000000f7b80000,0x00000000f7c7e2c8,0x00000000f7c80000)
  to   space 3584K, 0% used [0x00000000fa100000,0x00000000fa100000,0x00000000fa480000)
 ParOldGen       total 22016K, used 6377K [0x00000000e0c00000, 0x00000000e2180000, 0x00000000f5980000)
  object space 22016K, 28% used [0x00000000e0c00000,0x00000000e123a610,0x00000000e2180000)
 Metaspace       used 12735K, capacity 12848K, committed 12928K, reserved 1060864K
  class space    used 1608K, capacity 1654K, committed 1664K, reserved 1048576K
}
Event: 3.130 GC heap before
{Heap before GC invocations=6 (full 0):
 PSYoungGen      total 35840K, used 35832K [0x00000000f5980000, 0x00000000fa480000, 0x0000000100000000)
  eden space 34816K, 100% used [0x00000000f5980000,0x00000000f7b80000,0x00000000f7b80000)
  from space 1024K, 99% used [0x00000000f7b80000,0x00000000f7c7e2c8,0x00000000f7c80000)
  to   space 3584K, 0% used [0x00000000fa100000,0x00000000fa100000,0x00000000fa480000)
 ParOldGen       total 22016K, used 6377K [0x00000000e0c00000, 0x00000000e2180000, 0x00000000f5980000)
  object space 22016K, 28% used [0x00000000e0c00000,0x00000000e123a610,0x00000000e2180000)
 Metaspace       used 16979K, capacity 17122K, committed 17280K, reserved 1064960K
  class space    used 2115K, capacity 2137K, committed 2176K, reserved 1048576K
Event: 3.153 GC heap after
Heap after GC invocations=6 (full 0):
 PSYoungGen      total 72192K, used 3560K [0x00000000f5980000, 0x00000000fa680000, 0x0000000100000000)
  eden space 68608K, 0% used [0x00000000f5980000,0x00000000f5980000,0x00000000f9c80000)
  from space 3584K, 99% used [0x00000000fa100000,0x00000000fa47a100,0x00000000fa480000)
  to   space 4608K, 0% used [0x00000000f9c80000,0x00000000f9c80000,0x00000000fa100000)
 ParOldGen       total 22016K, used 7595K [0x00000000e0c00000, 0x00000000e2180000, 0x00000000f5980000)
  object space 22016K, 34% used [0x00000000e0c00000,0x00000000e136ac10,0x00000000e2180000)
 Metaspace       used 16979K, capacity 17122K, committed 17280K, reserved 1064960K
  class space    used 2115K, capacity 2137K, committed 2176K, reserved 1048576K
}
Event: 4.373 GC heap before
{Heap before GC invocations=7 (full 0):
 PSYoungGen      total 72192K, used 58196K [0x00000000f5980000, 0x00000000fa680000, 0x0000000100000000)
  eden space 68608K, 79% used [0x00000000f5980000,0x00000000f8edb188,0x00000000f9c80000)
  from space 3584K, 99% used [0x00000000fa100000,0x00000000fa47a100,0x00000000fa480000)
  to   space 4608K, 0% used [0x00000000f9c80000,0x00000000f9c80000,0x00000000fa100000)
 ParOldGen       total 22016K, used 7595K [0x00000000e0c00000, 0x00000000e2180000, 0x00000000f5980000)
  object space 22016K, 34% used [0x00000000e0c00000,0x00000000e136ac10,0x00000000e2180000)
 Metaspace       used 20828K, capacity 20986K, committed 21248K, reserved 1067008K
  class space    used 2676K, capacity 2717K, committed 2816K, reserved 1048576K

