# JRE version: OpenJDK Runtime Environment (8.0_252-b09) (build 1.8.0_252-8u252-b09-1~16.04-b09)
# Java VM: OpenJDK 64-Bit Server VM (25.252-b09 mixed mode linux-amd64 compressed oops)
Heap:
 PSYoungGen      total 142336K, used 8188K [0x00000000f5980000, 0x00000000ff680000, 0x0000000100000000)
  eden space 134144K, 0% used [0x00000000f5980000,0x00000000f5980000,0x00000000fdc80000)
  from space 8192K, 99% used [0x00000000fdc80000,0x00000000fe47f038,0x00000000fe480000)
  to   space 5632K, 0% used [0x00000000fe480000,0x00000000fe480000,0x00000000fea00000)
 ParOldGen       total 32768K, used 16094K [0x00000000e0c00000, 0x00000000e2c00000, 0x00000000f5980000)
  object space 32768K, 49% used [0x00000000e0c00000,0x00000000e1bb7870,0x00000000e2c00000)
 Metaspace       used 28889K, capacity 29484K, committed 29824K, reserved 1075200K
  class space    used 3216K, capacity 3392K, committed 3456K, reserved 1048576K
GC Heap History (10 events):
Event: 5.323 GC heap after
Heap after GC invocations=7 (full 0):
 PSYoungGen      total 75264K, used 5618K [0x00000000f5980000, 0x00000000ff180000, 0x0000000100000000)
  eden space 69632K, 0% used [0x00000000f5980000,0x00000000f5980000,0x00000000f9d80000)
  from space 5632K, 99% used [0x00000000f9d80000,0x00000000fa2fc8e0,0x00000000fa300000)
  to   space 8192K, 0% used [0x00000000fe980000,0x00000000fe980000,0x00000000ff180000)
 ParOldGen       total 22016K, used 13469K [0x00000000e0c00000, 0x00000000e2180000, 0x00000000f5980000)
  object space 22016K, 61% used [0x00000000e0c00000,0x00000000e1927468,0x00000000e2180000)
 Metaspace       used 20896K, capacity 21158K, committed 21296K, reserved 1069056K
  class space    used 2441K, capacity 2558K, committed 2560K, reserved 1048576K
}
Event: 5.323 GC heap before
{Heap before GC invocations=8 (full 1):
 PSYoungGen      total 75264K, used 5618K [0x00000000f5980000, 0x00000000ff180000, 0x0000000100000000)
  eden space 69632K, 0% used [0x00000000f5980000,0x00000000f5980000,0x00000000f9d80000)
  from space 5632K, 99% used [0x00000000f9d80000,0x00000000fa2fc8e0,0x00000000fa300000)
  to   space 8192K, 0% used [0x00000000fe980000,0x00000000fe980000,0x00000000ff180000)
 ParOldGen       total 22016K, used 13469K [0x00000000e0c00000, 0x00000000e2180000, 0x00000000f5980000)
  object space 22016K, 61% used [0x00000000e0c00000,0x00000000e1927468,0x00000000e2180000)
 Metaspace       used 20896K, capacity 21158K, committed 21296K, reserved 1069056K
  class space    used 2441K, capacity 2558K, committed 2560K, reserved 1048576K
Event: 5.403 GC heap after
Heap after GC invocations=8 (full 1):
 PSYoungGen      total 75264K, used 0K [0x00000000f5980000, 0x00000000ff180000, 0x0000000100000000)
  eden space 69632K, 0% used [0x00000000f5980000,0x00000000f5980000,0x00000000f9d80000)
  from space 5632K, 0% used [0x00000000f9d80000,0x00000000f9d80000,0x00000000fa300000)
  to   space 8192K, 0% used [0x00000000fe980000,0x00000000fe980000,0x00000000ff180000)
 ParOldGen       total 32768K, used 14377K [0x00000000e0c00000, 0x00000000e2c00000, 0x00000000f5980000)
  object space 32768K, 43% used [0x00000000e0c00000,0x00000000e1a0a530,0x00000000e2c00000)
 Metaspace       used 20896K, capacity 21158K, committed 21296K, reserved 1069056K
  class space    used 2441K, capacity 2558K, committed 2560K, reserved 1048576K
}
Event: 70.439 GC heap before
{Heap before GC invocations=9 (full 1):
 PSYoungGen      total 75264K, used 69632K [0x00000000f5980000, 0x00000000ff180000, 0x0000000100000000)
  eden space 69632K, 100% used [0x00000000f5980000,0x00000000f9d80000,0x00000000f9d80000)
  from space 5632K, 0% used [0x00000000f9d80000,0x00000000f9d80000,0x00000000fa300000)
  to   space 8192K, 0% used [0x00000000fe980000,0x00000000fe980000,0x00000000ff180000)
 ParOldGen       total 32768K, used 14377K [0x00000000e0c00000, 0x00000000e2c00000, 0x00000000f5980000)
  object space 32768K, 43% used [0x00000000e0c00000,0x00000000e1a0a530,0x00000000e2c00000)
 Metaspace       used 23218K, capacity 23570K, committed 23808K, reserved 1071104K
  class space    used 2635K, capacity 2750K, committed 2816K, reserved 1048576K
Event: 70.451 GC heap after
Heap after GC invocations=9 (full 1):
 PSYoungGen      total 104448K, used 4314K [0x00000000f5980000, 0x00000000fee00000, 0x0000000100000000)
  eden space 99840K, 0% used [0x00000000f5980000,0x00000000f5980000,0x00000000fbb00000)
  from space 4608K, 93% used [0x00000000fe980000,0x00000000fedb6988,0x00000000fee00000)
  to   space 7680K, 0% used [0x00000000fdf00000,0x00000000fdf00000,0x00000000fe680000)
 ParOldGen       total 32768K, used 14385K [0x00000000e0c00000, 0x00000000e2c00000, 0x00000000f5980000)
  object space 32768K, 43% used [0x00000000e0c00000,0x00000000e1a0c530,0x00000000e2c00000)
 Metaspace       used 23218K, capacity 23570K, committed 23808K, reserved 1071104K
  class space    used 2635K, capacity 2750K, committed 2816K, reserved 1048576K
}
Event: 135.448 GC heap before
{Heap before GC invocations=10 (full 1):
 PSYoungGen      total 104448K, used 104154K [0x00000000f5980000, 0x00000000fee00000, 0x0000000100000000)
  eden space 99840K, 100% used [0x00000000f5980000,0x00000000fbb00000,0x00000000fbb00000)
  from space 4608K, 93% used [0x00000000fe980000,0x00000000fedb6988,0x00000000fee00000)
  to   space 7680K, 0% used [0x00000000fdf00000,0x00000000fdf00000,0x00000000fe680000)
 ParOldGen       total 32768K, used 14385K [0x00000000e0c00000, 0x00000000e2c00000, 0x00000000f5980000)
  object space 32768K, 43% used [0x00000000e0c00000,0x00000000e1a0c530,0x00000000e2c00000)
 Metaspace       used 23783K, capacity 24164K, committed 24448K, reserved 1071104K
  class space    used 2651K, capacity 2817K, committed 2944K, reserved 1048576K
Event: 135.467 GC heap after
Heap after GC invocations=10 (full 1):
 PSYoungGen      total 127488K, used 5429K [0x00000000f5980000, 0x00000000fea00000, 0x0000000100000000)
  eden space 121856K, 0% used [0x00000000f5980000,0x00000000f5980000,0x00000000fd080000)
  from space 5632K, 96% used [0x00000000fdf00000,0x00000000fe44d610,0x00000000fe480000)
  to   space 5632K, 0% used [0x00000000fe480000,0x00000000fe480000,0x00000000fea00000)
 ParOldGen       total 32768K, used 14393K [0x00000000e0c00000, 0x00000000e2c00000, 0x00000000f5980000)
  object space 32768K, 43% used [0x00000000e0c00000,0x00000000e1a0e530,0x00000000e2c00000)
 Metaspace       used 23783K, capacity 24164K, committed 24448K, reserved 1071104K
  class space    used 2651K, capacity 2817K, committed 2944K, reserved 1048576K
}
Event: 170.297 GC heap before
{Heap before GC invocations=11 (full 1):
 PSYoungGen      total 127488K, used 127285K [0x00000000f5980000, 0x00000000fea00000, 0x0000000100000000)
  eden space 121856K, 100% used [0x00000000f5980000,0x00000000fd080000,0x00000000fd080000)
  from space 5632K, 96% used [0x00000000fdf00000,0x00000000fe44d610,0x00000000fe480000)
  to   space 5632K, 0% used [0x00000000fe480000,0x00000000fe480000,0x00000000fea00000)
 ParOldGen       total 32768K, used 14393K [0x00000000e0c00000, 0x00000000e2c00000, 0x00000000f5980000)
  object space 32768K, 43% used [0x00000000e0c00000,0x00000000e1a0e530,0x00000000e2c00000)
 Metaspace       used 23944K, capacity 24292K, committed 24704K, reserved 1071104K
  class space    used 2654K, capacity 2817K, committed 2944K, reserved 1048576K
Event: 170.319 GC heap after
Heap after GC invocations=11 (full 1):
 PSYoungGen      total 139776K, used 5028K [0x00000000f5980000, 0x00000000ff680000, 0x0000000100000000)
  eden space 134144K, 0% used [0x00000000f5980000,0x00000000f5980000,0x00000000fdc80000)
  from space 5632K, 89% used [0x00000000fe480000,0x00000000fe9691a0,0x00000000fea00000)
  to   space 8192K, 0% used [0x00000000fdc80000,0x00000000fdc80000,0x00000000fe480000)
 ParOldGen       total 32768K, used 14401K [0x00000000e0c00000, 0x00000000e2c00000, 0x00000000f5980000)
  object space 32768K, 43% used [0x00000000e0c00000,0x00000000e1a10530,0x00000000e2c00000)
 Metaspace       used 23944K, capacity 24292K, committed 24704K, reserved 1071104K
  class space    used 2654K, capacity 2817K, committed 2944K, reserved 1048576K
}
Event: 258.373 GC heap before
{Heap before GC invocations=12 (full 1):
 PSYoungGen      total 139776K, used 139172K [0x00000000f5980000, 0x00000000ff680000, 0x0000000100000000)
  eden space 134144K, 100% used [0x00000000f5980000,0x00000000fdc80000,0x00000000fdc80000)
  from space 5632K, 89% used [0x00000000fe480000,0x00000000fe9691a0,0x00000000fea00000)
  to   space 8192K, 0% used [0x00000000fdc80000,0x00000000fdc80000,0x00000000fe480000)
 ParOldGen       total 32768K, used 14401K [0x00000000e0c00000, 0x00000000e2c00000, 0x00000000f5980000)
  object space 32768K, 43% used [0x00000000e0c00000,0x00000000e1a10530,0x00000000e2c00000)
 Metaspace       used 28889K, capacity 29484K, committed 29824K, reserved 1075200K
  class space    used 3216K, capacity 3392K, committed 3456K, reserved 1048576K

